package configuration for libffi is not found
have_header: checking for ffi.h... -------------------- no

"gcc -o conftest -I/usr/include/x86_64-linux-gnu/ruby-2.5.0 -I/usr/include/ruby-2.5.0/ruby/backward -I/usr/include/ruby-2.5.0 -I. -Wdate-time -D_FORTIFY_SOURCE=2   -g -O2 -fdebug-prefix-map=/build/ruby2.5-Fx1qDw/ruby2.5-2.5.5=. -fstack-protector-strong -Wformat -Werror=format-security -fPIC conftest.c  -L. -L/usr/lib/x86_64-linux-gnu -L. -Wl,-z,relro -Wl,-z,now -fstack-protector -rdynamic -Wl,-export-dynamic     -lruby-2.5  -lpthread -lgmp -ldl -lcrypt -lm   -lc"
checked program was:
/* begin */
1: #include "ruby.h"
2: 
3: int main(int argc, char **argv)
4: {
5:   return 0;
6: }
/* end */

"gcc -E -I/usr/include/x86_64-linux-gnu/ruby-2.5.0 -I/usr/include/ruby-2.5.0/ruby/backward -I/usr/include/ruby-2.5.0 -I. -Wdate-time -D_FORTIFY_SOURCE=2   -g -O2 -fdebug-prefix-map=/build/ruby2.5-Fx1qDw/ruby2.5-2.5.5=. -fstack-protector-strong -Wformat -Werror=format-security -fPIC  conftest.c -o conftest.i"
conftest.c:3:10: fatal error: ffi.h: No such file or directory
 #include <ffi.h>
          ^~~~~~~
compilation terminated.
checked program was:
/* begin */
1: #include "ruby.h"
2: 
3: #include <ffi.h>
/* end */

--------------------

find_header: checking for ffi.h in /usr/local/include,/usr/include/ffi,/Library/Developer/CommandLineTools/SDKs/MacOSX.sdk/usr/include/ffi,/Applications/Xcode.app/Contents/Developer/Platforms/MacOSX.platform/Developer/SDKs/MacOSX.sdk/usr/include/ffi... -------------------- no

"gcc -E -I/usr/include/x86_64-linux-gnu/ruby-2.5.0 -I/usr/include/ruby-2.5.0/ruby/backward -I/usr/include/ruby-2.5.0 -I. -Wdate-time -D_FORTIFY_SOURCE=2   -g -O2 -fdebug-prefix-map=/build/ruby2.5-Fx1qDw/ruby2.5-2.5.5=. -fstack-protector-strong -Wformat -Werror=format-security -fPIC  conftest.c -o conftest.i"
conftest.c:3:10: fatal error: ffi.h: No such file or directory
 #include <ffi.h>
          ^~~~~~~
compilation terminated.
checked program was:
/* begin */
1: #include "ruby.h"
2: 
3: #include <ffi.h>
/* end */

"gcc -E -I/usr/include/x86_64-linux-gnu/ruby-2.5.0 -I/usr/include/ruby-2.5.0/ruby/backward -I/usr/include/ruby-2.5.0 -I. -Wdate-time -D_FORTIFY_SOURCE=2   -g -O2 -fdebug-prefix-map=/build/ruby2.5-Fx1qDw/ruby2.5-2.5.5=. -fstack-protector-strong -Wformat -Werror=format-security -fPIC -I/usr/local/include conftest.c -o conftest.i"
conftest.c:3:10: fatal error: ffi.h: No such file or directory
 #include <ffi.h>
          ^~~~~~~
compilation terminated.
checked program was:
/* begin */
1: #include "ruby.h"
2: 
3: #include <ffi.h>
/* end */

"gcc -E -I/usr/include/x86_64-linux-gnu/ruby-2.5.0 -I/usr/include/ruby-2.5.0/ruby/backward -I/usr/include/ruby-2.5.0 -I. -Wdate-time -D_FORTIFY_SOURCE=2   -g -O2 -fdebug-prefix-map=/build/ruby2.5-Fx1qDw/ruby2.5-2.5.5=. -fstack-protector-strong -Wformat -Werror=format-security -fPIC -I/usr/include/ffi conftest.c -o conftest.i"
conftest.c:3:10: fatal error: ffi.h: No such file or directory
 #include <ffi.h>
          ^~~~~~~
compilation terminated.
checked program was:
/* begin */
1: #include "ruby.h"
2: 
3: #include <ffi.h>
/* end */

"gcc -E -I/usr/include/x86_64-linux-gnu/ruby-2.5.0 -I/usr/include/ruby-2.5.0/ruby/backward -I/usr/include/ruby-2.5.0 -I. -Wdate-time -D_FORTIFY_SOURCE=2   -g -O2 -fdebug-prefix-map=/build/ruby2.5-Fx1qDw/ruby2.5-2.5.5=. -fstack-protector-strong -Wformat -Werror=format-security -fPIC -I/Library/Developer/CommandLineTools/SDKs/MacOSX.sdk/usr/include/ffi conftest.c -o conftest.i"
conftest.c:3:10: fatal error: ffi.h: No such file or directory
 #include <ffi.h>
          ^~~~~~~
compilation terminated.
checked program was:
/* begin */
1: #include "ruby.h"
2: 
3: #include <ffi.h>
/* end */

"gcc -E -I/usr/include/x86_64-linux-gnu/ruby-2.5.0 -I/usr/include/ruby-2.5.0/ruby/backward -I/usr/include/ruby-2.5.0 -I. -Wdate-time -D_FORTIFY_SOURCE=2   -g -O2 -fdebug-prefix-map=/build/ruby2.5-Fx1qDw/ruby2.5-2.5.5=. -fstack-protector-strong -Wformat -Werror=format-security -fPIC -I/Applications/Xcode.app/Contents/Developer/Platforms/MacOSX.platform/Developer/SDKs/MacOSX.sdk/usr/include/ffi conftest.c -o conftest.i"
conftest.c:3:10: fatal error: ffi.h: No such file or directory
 #include <ffi.h>
          ^~~~~~~
compilation terminated.
checked program was:
/* begin */
1: #include "ruby.h"
2: 
3: #include <ffi.h>
/* end */

--------------------

block in append_ldflags: checking for whether -Wl,--exclude-libs,ALL is accepted as LDFLAGS... -------------------- yes

"gcc -o conftest -I/usr/include/x86_64-linux-gnu/ruby-2.5.0 -I/usr/include/ruby-2.5.0/ruby/backward -I/usr/include/ruby-2.5.0 -I. -Wdate-time -D_FORTIFY_SOURCE=2   -g -O2 -fdebug-prefix-map=/build/ruby2.5-Fx1qDw/ruby2.5-2.5.5=. -fstack-protector-strong -Wformat -Werror=format-security -fPIC conftest.c  -L. -L/usr/lib/x86_64-linux-gnu -L. -Wl,-z,relro -Wl,-z,now -fstack-protector -rdynamic -Wl,-export-dynamic     -lruby-2.5 -Wl,--exclude-libs,ALL -lpthread -lgmp -ldl -lcrypt -lm   -lc"
checked program was:
/* begin */
1: #include "ruby.h"
2: 
3: int main(int argc, char **argv)
4: {
5:   return 0;
6: }
/* end */

--------------------

have_func: checking for rb_gc_mark_movable()... -------------------- no

"gcc -o conftest -I/usr/include/x86_64-linux-gnu/ruby-2.5.0 -I/usr/include/ruby-2.5.0/ruby/backward -I/usr/include/ruby-2.5.0 -I. -Wdate-time -D_FORTIFY_SOURCE=2   -g -O2 -fdebug-prefix-map=/build/ruby2.5-Fx1qDw/ruby2.5-2.5.5=. -fstack-protector-strong -Wformat -Werror=format-security -fPIC conftest.c  -L. -L/usr/lib/x86_64-linux-gnu -L. -Wl,-z,relro -Wl,-z,now -fstack-protector -rdynamic -Wl,-export-dynamic -Wl,--exclude-libs,ALL     -lruby-2.5  -lpthread -lgmp -ldl -lcrypt -lm   -lc"
conftest.c: In function ‘t’:
conftest.c:13:57: error: ‘rb_gc_mark_movable’ undeclared (first use in this function); did you mean ‘rb_gc_mark_maybe’?
 int t(void) { void ((*volatile p)()); p = (void ((*)()))rb_gc_mark_movable; return !p; }
                                                         ^~~~~~~~~~~~~~~~~~
                                                         rb_gc_mark_maybe
conftest.c:13:57: note: each undeclared identifier is reported only once for each function it appears in
checked program was:
/* begin */
 1: #include "ruby.h"
 2: 
 3: /*top*/
 4: extern int t(void);
 5: int main(int argc, char **argv)
 6: {
 7:   if (argc > 1000000) {
 8:     printf("%p", &t);
 9:   }
10: 
11:   return 0;
12: }
13: int t(void) { void ((*volatile p)()); p = (void ((*)()))rb_gc_mark_movable; return !p; }
/* end */

"gcc -o conftest -I/usr/include/x86_64-linux-gnu/ruby-2.5.0 -I/usr/include/ruby-2.5.0/ruby/backward -I/usr/include/ruby-2.5.0 -I. -Wdate-time -D_FORTIFY_SOURCE=2   -g -O2 -fdebug-prefix-map=/build/ruby2.5-Fx1qDw/ruby2.5-2.5.5=. -fstack-protector-strong -Wformat -Werror=format-security -fPIC conftest.c  -L. -L/usr/lib/x86_64-linux-gnu -L. -Wl,-z,relro -Wl,-z,now -fstack-protector -rdynamic -Wl,-export-dynamic -Wl,--exclude-libs,ALL     -lruby-2.5  -lpthread -lgmp -ldl -lcrypt -lm   -lc"
/usr/bin/ld: /tmp/cceX6Thv.o: in function `t':
/home/undergrad/1/irather/CIS3260/dropdead/dropdead/vendor/bundle/ruby/2.5.0/gems/ffi-1.16.3/ext/ffi_c/conftest.c:14: undefined reference to `rb_gc_mark_movable'
collect2: error: ld returned 1 exit status
checked program was:
/* begin */
 1: #include "ruby.h"
 2: 
 3: /*top*/
 4: extern int t(void);
 5: int main(int argc, char **argv)
 6: {
 7:   if (argc > 1000000) {
 8:     printf("%p", &t);
 9:   }
10: 
11:   return 0;
12: }
13: extern void rb_gc_mark_movable();
14: int t(void) { rb_gc_mark_movable(); return 0; }
/* end */

--------------------

block in append_ldflags: checking for whether -pthread is accepted as LDFLAGS... -------------------- yes

"gcc -o conftest -I/usr/include/x86_64-linux-gnu/ruby-2.5.0 -I/usr/include/ruby-2.5.0/ruby/backward -I/usr/include/ruby-2.5.0 -I. -Wdate-time -D_FORTIFY_SOURCE=2   -g -O2 -fdebug-prefix-map=/build/ruby2.5-Fx1qDw/ruby2.5-2.5.5=. -fstack-protector-strong -Wformat -Werror=format-security -fPIC conftest.c  -L. -L/usr/lib/x86_64-linux-gnu -L. -Wl,-z,relro -Wl,-z,now -fstack-protector -rdynamic -Wl,-export-dynamic -Wl,--exclude-libs,ALL     -lruby-2.5 -pthread -lpthread -lgmp -ldl -lcrypt -lm   -lc"
checked program was:
/* begin */
1: #include "ruby.h"
2: 
3: int main(int argc, char **argv)
4: {
5:   return 0;
6: }
/* end */

--------------------

extconf.h is:
/* begin */
1: #ifndef EXTCONF_H
2: #define EXTCONF_H
3: #define HAVE_FFI_PREP_CIF_VAR 1
4: #define USE_INTERNAL_LIBFFI 1
5: #endif
/* end */

